<?xml version="1.0" encoding="UTF-8"?>
<!-- Generated by org.testng.reporters.JUnitReportReporter -->
<testsuite hostname="NCSPHPF3L3FWQC0" failures="0" tests="3" name="TestNG_Allure.TestSite" time="3.430" errors="0" timestamp="2024-06-03T16:26:38 CST" skipped="0">
  <testcase classname="TestNG_Allure.TestSite" name="Testcase3" time="0.880"/>
  <testcase classname="TestNG_Allure.TestSite" name="Testcase2" time="1.162"/>
  <testcase classname="TestNG_Allure.TestSite" name="Testcase1" time="1.388"/>
</testsuite> <!-- TestNG_Allure.TestSite -->
